Compiling the C compiler identification source file "CMakeCCompilerId.c" failed.
Compiler: /Library/Developer/CommandLineTools/usr/bin/cc 
Build flags: 
Id flags:  

The output was:
1
ld: library not found for -lSystem
clang: error: linker command failed with exit code 1 (use -v to see invocation)


Compiling the CXX compiler identification source file "CMakeCXXCompilerId.cpp" failed.
Compiler: /Library/Developer/CommandLineTools/usr/bin/c++ 
Build flags: 
Id flags:  

The output was:
1
ld: library not found for -lc++
clang: error: linker command failed with exit code 1 (use -v to see invocation)


Determining if the function IceConnectionNumber exists in the ICE failed with the following output:
Change Dir: /Users/chiara/Desktop/geant4_sim/build/CMakeFiles/CMakeTmp

Run Build Command(s):/usr/bin/make -f Makefile cmTC_5adb0/fast && /Library/Developer/CommandLineTools/usr/bin/make  -f CMakeFiles/cmTC_5adb0.dir/build.make CMakeFiles/cmTC_5adb0.dir/build
Building C object CMakeFiles/cmTC_5adb0.dir/CheckFunctionExists.c.o
/Library/Developer/CommandLineTools/usr/bin/cc   -DCHECK_FUNCTION_EXISTS=IceConnectionNumber -arch arm64 -isysroot /Library/Developer/CommandLineTools/SDKs/MacOSX12.3.sdk -MD -MT CMakeFiles/cmTC_5adb0.dir/CheckFunctionExists.c.o -MF CMakeFiles/cmTC_5adb0.dir/CheckFunctionExists.c.o.d -o CMakeFiles/cmTC_5adb0.dir/CheckFunctionExists.c.o -c /opt/homebrew/Cellar/cmake/3.24.2/share/cmake/Modules/CheckFunctionExists.c
Linking C executable cmTC_5adb0
/opt/homebrew/Cellar/cmake/3.24.2/bin/cmake -E cmake_link_script CMakeFiles/cmTC_5adb0.dir/link.txt --verbose=1
/Library/Developer/CommandLineTools/usr/bin/cc  -DCHECK_FUNCTION_EXISTS=IceConnectionNumber -arch arm64 -isysroot /Library/Developer/CommandLineTools/SDKs/MacOSX12.3.sdk -Wl,-search_paths_first -Wl,-headerpad_max_install_names CMakeFiles/cmTC_5adb0.dir/CheckFunctionExists.c.o -o cmTC_5adb0   -L/opt/homebrew/lib  -Wl,-rpath,/opt/homebrew/lib -lICE 
ld: library not found for -lICE
clang: error: linker command failed with exit code 1 (use -v to see invocation)
make[1]: *** [cmTC_5adb0] Error 1
make: *** [cmTC_5adb0/fast] Error 2



